<?xml version="1.0" encoding="UTF-8"?>
<!-- Generated by org.testng.reporters.JUnitReportReporter -->
<testsuite hostname="Aswins-MacBook-Air.local" failures="0" tests="1" name="tests.SeleniumTests" time="3.542" errors="0" timestamp="2023-11-22T13:08:43 EST" skipped="0">
  <testcase classname="tests.SeleniumTests" name="testgetTitle" time="3.542"/>
</testsuite> <!-- tests.SeleniumTests -->
